<?xml version="1.0" encoding="UTF-8"?>
<!-- Generated by org.testng.reporters.JUnitReportReporter -->
<testsuite skipped="0" hostname="PRITESH-Laptop" name="com.demoguru99.Magenta.Test.TestCase_02" tests="1" failures="0" timestamp="2020-07-14T13:17:37 IST" time="15.979" errors="0">
  <testcase name="TestProduct01CostDetailPage" time="15.979" classname="com.demoguru99.Magenta.Test.TestCase_02"/>
  <system-out/>
</testsuite> <!-- com.demoguru99.Magenta.Test.TestCase_02 -->
