<?xml version="1.0" encoding="UTF-8"?>
<!-- Generated by org.testng.reporters.JUnitReportReporter -->
<testsuite skipped="0" hostname="PRITESH-Laptop" name="com.demoguru99.Magenta.Test.TestCase_04" tests="1" failures="0" timestamp="2020-07-13T14:05:25 IST" time="20.769" errors="0">
  <testcase name="TestCompareMobiles" time="20.769" classname="com.demoguru99.Magenta.Test.TestCase_04"/>
  <system-out/>
</testsuite> <!-- com.demoguru99.Magenta.Test.TestCase_04 -->
