<?xml version="1.0" encoding="UTF-8"?>
<!-- Generated by org.testng.reporters.JUnitReportReporter -->
<testsuite skipped="0" hostname="PRITESH-Laptop" name="com.demoguru99.Magenta.Test.TestCase_08" tests="1" failures="0" timestamp="2020-07-13T15:42:38 IST" time="51.228" errors="0">
  <testcase name="TestReOrder" time="51.228" classname="com.demoguru99.Magenta.Test.TestCase_08"/>
  <system-out/>
</testsuite> <!-- com.demoguru99.Magenta.Test.TestCase_08 -->
