<?xml version="1.0" encoding="UTF-8"?>
<!-- Generated by org.testng.reporters.JUnitReportReporter -->
<testsuite skipped="0" hostname="PRITESH-Laptop" name="com.demoguru99.Magenta.Test.TestCase_06" tests="1" failures="0" timestamp="2020-07-13T15:40:41 IST" time="62.083" errors="0">
  <testcase name="purchaseItem" time="62.083" classname="com.demoguru99.Magenta.Test.TestCase_06"/>
  <system-out/>
</testsuite> <!-- com.demoguru99.Magenta.Test.TestCase_06 -->
