<?xml version="1.0" encoding="UTF-8"?>
<!-- Generated by org.testng.reporters.JUnitReportReporter -->
<testsuite skipped="0" hostname="PRITESH-Laptop" name="com.demoguru99.Magenta.Test.TestCase_05" tests="1" failures="0" timestamp="2020-07-13T01:14:44 IST" time="18.958" errors="0">
  <testcase name="Test_Account" time="18.958" classname="com.demoguru99.Magenta.Test.TestCase_05"/>
  <system-out/>
</testsuite> <!-- com.demoguru99.Magenta.Test.TestCase_05 -->
