<?xml version="1.0" encoding="UTF-8"?>
<!-- Generated by org.testng.reporters.JUnitReportReporter -->
<testsuite skipped="0" hostname="PRITESH-Laptop" name="com.demoguru99.Magenta.Test.TestCase_08" tests="1" failures="0" timestamp="2020-07-12T23:50:10 IST" time="20.059" errors="0">
  <testcase name="TestDiscountCoupon" time="20.059" classname="com.demoguru99.Magenta.Test.TestCase_08"/>
  <system-out/>
</testsuite> <!-- com.demoguru99.Magenta.Test.TestCase_08 -->
