<?xml version="1.0" encoding="UTF-8"?>
<!-- Generated by org.testng.reporters.JUnitReportReporter -->
<testsuite skipped="0" hostname="PRITESH-Laptop" name="com.demoguru99.Magenta.Test.TestCase_01" tests="2" failures="0" timestamp="2020-07-13T01:29:11 IST" time="20.317" errors="0">
  <testcase name="TestVerifyTitle" time="9.294" classname="com.demoguru99.Magenta.Test.TestCase_01"/>
  <system-out/>
  <testcase name="TestMobileLink" time="11.023" classname="com.demoguru99.Magenta.Test.TestCase_01"/>
  <system-out/>
</testsuite> <!-- com.demoguru99.Magenta.Test.TestCase_01 -->
