<?xml version="1.0" encoding="UTF-8"?>
<!-- Generated by org.testng.reporters.JUnitReportReporter -->
<testsuite skipped="0" hostname="PRITESH-Laptop" name="com.demoguru99.Magenta.Test.TestCase_07" tests="1" failures="0" timestamp="2020-07-13T14:39:21 IST" time="37.858" errors="0">
  <testcase name="TestOrderPdf" time="37.858" classname="com.demoguru99.Magenta.Test.TestCase_07"/>
  <system-out/>
</testsuite> <!-- com.demoguru99.Magenta.Test.TestCase_07 -->
