<?xml version="1.0" encoding="UTF-8"?>
<!-- Generated by org.testng.reporters.JUnitReportReporter -->
<testsuite skipped="0" hostname="PRITESH-Laptop" name="com.demoguru99.Magenta.Test.TestCase_03" tests="1" failures="0" timestamp="2020-07-14T13:34:04 IST" time="19.167" errors="0">
  <testcase name="TestCartFunction" time="19.167" classname="com.demoguru99.Magenta.Test.TestCase_03"/>
  <system-out/>
</testsuite> <!-- com.demoguru99.Magenta.Test.TestCase_03 -->
