<?xml version="1.0" encoding="UTF-8"?>
<!-- Generated by org.testng.reporters.JUnitReportReporter -->
<testsuite skipped="0" hostname="PRITESH-Desktop" name="com.demoguru99.Magenta.Test.TestCase_02" tests="1" failures="0" timestamp="2020-07-07T13:50:48 IST" time="13.278" errors="0">
  <testcase name="TestProduct01CostDetailPage" time="13.278" classname="com.demoguru99.Magenta.Test.TestCase_02"/>
  <system-out/>
</testsuite> <!-- com.demoguru99.Magenta.Test.TestCase_02 -->
