<?xml version="1.0" encoding="UTF-8"?>
<!-- Generated by org.testng.reporters.JUnitReportReporter -->
<testsuite skipped="0" hostname="PRITESH-Desktop" name="com.demoguru99.Magenta.Test.TestCase_03" tests="1" failures="0" timestamp="2020-07-07T12:55:27 IST" time="16.609" errors="0">
  <testcase name="TestCartFunction" time="16.609" classname="com.demoguru99.Magenta.Test.TestCase_03"/>
  <system-out/>
</testsuite> <!-- com.demoguru99.Magenta.Test.TestCase_03 -->
