<?xml version="1.0" encoding="UTF-8"?>
<!-- Generated by org.testng.reporters.JUnitReportReporter -->
<testsuite skipped="0" hostname="PRITESH-Laptop" name="com.demoguru99.Magenta.Test.TestCase_03" tests="1" failures="0" timestamp="2020-07-13T15:21:39 IST" time="17.520" errors="0">
  <testcase name="TestCartFunction" time="17.520" classname="com.demoguru99.Magenta.Test.TestCase_03"/>
  <system-out/>
</testsuite> <!-- com.demoguru99.Magenta.Test.TestCase_03 -->
